2020-08-06 06:36:48.062  INFO 4836 --- [restartedMain] c.w.javabrains.ApplicationStartUp        : Starting ApplicationStartUp on LV27R72N2 with PID 4836 (C:\Users\gce\git\DemoWebStie\ShippingWebsiteSpringSQL\target\classes started by gce in C:\Users\gce\git\DemoWebStie\ShippingWebsiteSpringSQL)
2020-08-06 06:36:48.077  INFO 4836 --- [restartedMain] c.w.javabrains.ApplicationStartUp        : No active profile set, falling back to default profiles: default
2020-08-06 06:36:48.140  INFO 4836 --- [restartedMain] ConfigServletWebServerApplicationContext : Refreshing org.springframework.boot.web.servlet.context.AnnotationConfigServletWebServerApplicationContext@50bd4fb2: startup date [Thu Aug 06 06:36:48 EDT 2020]; root of context hierarchy
2020-08-06 06:36:50.781  INFO 4836 --- [restartedMain] trationDelegate$BeanPostProcessorChecker : Bean 'org.springframework.transaction.annotation.ProxyTransactionManagementConfiguration' of type [org.springframework.transaction.annotation.ProxyTransactionManagementConfiguration$$EnhancerBySpringCGLIB$$a51571ee] is not eligible for getting processed by all BeanPostProcessors (for example: not eligible for auto-proxying)
2020-08-06 06:36:51.596  INFO 4836 --- [restartedMain] o.s.b.w.embedded.tomcat.TomcatWebServer  : Tomcat initialized with port(s): 8443 (https) 8084 (http)
2020-08-06 06:36:51.659  INFO 4836 --- [restartedMain] o.apache.catalina.core.StandardService   : Starting service [Tomcat]
2020-08-06 06:36:51.659  INFO 4836 --- [restartedMain] org.apache.catalina.core.StandardEngine  : Starting Servlet Engine: Apache Tomcat/8.5.35
2020-08-06 06:36:51.674  INFO 4836 --- [localhost-startStop-1] o.a.catalina.core.AprLifecycleListener   : The APR based Apache Tomcat Native library which allows optimal performance in production environments was not found on the java.library.path: [C:\Program Files\Java\jre1.8.0_221\bin;C:\WINDOWS\Sun\Java\bin;C:\WINDOWS\system32;C:\WINDOWS;C:/Program Files/Java/jre1.8.0_221/bin/server;C:/Program Files/Java/jre1.8.0_221/bin;C:/Program Files/Java/jre1.8.0_221/lib/amd64;C:\Ruby26-x64\bin;C:\oraclexe\app\oracle\product\11.2.0\server\bin;;C:\Program Files (x86)\Common Files\Oracle\Java\javapath;C:\Ruby25-x64\bin;C:\oraclexe\app\oracle\product\11.2.0\server\bin;C:\Program Files\Microsoft MPI\Bin\;C:\oraclexe\app\oracle\product\11.2.0\server\bin;C:\WINDOWS\system32;C:\WINDOWS;C:\WINDOWS\System32\Wbem;C:\WINDOWS\System32\WindowsPowerShell\v1.0\;C:\Program Files\Git\cmd;C:\Program Files\dotnet\;C:\Program Files\Microsoft SQL Server\130\Tools\Binn\;C:\Python\Python37-32;C:\Program Files\nodejs\;C:\Program Files (x86)\HID Global\ActivClient\;C:\Program Files\HID Global\ActivClient\;C:\Users\gce\AppData\Local\Microsoft\WindowsApps;C:\Users\gce\Desktop\Java\RubyMine 2018.3.5\bin;C:\Users\gce\AppData\Local\Programs\Microsoft VS Code\bin;C:\Users\gce\AppData\Local\GitHubDesktop\bin;C:\Users\gce\AppData\Roaming\npm;C:\Users\gce\eclipse\jee-2018-123\eclipse;;.]
2020-08-06 06:36:52.190  INFO 4836 --- [localhost-startStop-1] org.apache.jasper.servlet.TldScanner     : At least one JAR was scanned for TLDs yet contained no TLDs. Enable debug logging for this logger for a complete list of JARs that were scanned but no TLDs were found in them. Skipping unneeded JARs during scanning can improve startup time and JSP compilation time.
2020-08-06 06:36:52.206  INFO 4836 --- [localhost-startStop-1] o.a.c.c.C.[Tomcat].[localhost].[/]       : Initializing Spring embedded WebApplicationContext
2020-08-06 06:36:52.206  INFO 4836 --- [localhost-startStop-1] o.s.web.context.ContextLoader            : Root WebApplicationContext: initialization completed in 4066 ms
2020-08-06 06:36:52.331  INFO 4836 --- [localhost-startStop-1] o.s.b.w.servlet.FilterRegistrationBean   : Mapping filter: 'characterEncodingFilter' to: [/*]
2020-08-06 06:36:52.331  INFO 4836 --- [localhost-startStop-1] o.s.b.w.servlet.FilterRegistrationBean   : Mapping filter: 'hiddenHttpMethodFilter' to: [/*]
2020-08-06 06:36:52.331  INFO 4836 --- [localhost-startStop-1] o.s.b.w.servlet.FilterRegistrationBean   : Mapping filter: 'httpPutFormContentFilter' to: [/*]
2020-08-06 06:36:52.331  INFO 4836 --- [localhost-startStop-1] o.s.b.w.servlet.FilterRegistrationBean   : Mapping filter: 'requestContextFilter' to: [/*]
2020-08-06 06:36:52.331  INFO 4836 --- [localhost-startStop-1] .s.DelegatingFilterProxyRegistrationBean : Mapping filter: 'springSecurityFilterChain' to: [/*]
2020-08-06 06:36:52.331  INFO 4836 --- [localhost-startStop-1] o.s.b.w.servlet.ServletRegistrationBean  : Servlet dispatcherServlet mapped to [/]
2020-08-06 06:36:52.628  INFO 4836 --- [restartedMain] com.zaxxer.hikari.HikariDataSource       : HikariPool-1 - Starting...
2020-08-06 06:36:53.316  INFO 4836 --- [restartedMain] com.zaxxer.hikari.pool.PoolBase          : HikariPool-1 - Driver does not support get/set network timeout for connections. (oracle.jdbc.driver.T4CConnection.getNetworkTimeout()I)
2020-08-06 06:36:53.321  INFO 4836 --- [restartedMain] com.zaxxer.hikari.HikariDataSource       : HikariPool-1 - Start completed.
2020-08-06 06:36:53.399  INFO 4836 --- [restartedMain] j.LocalContainerEntityManagerFactoryBean : Building JPA container EntityManagerFactory for persistence unit 'default'
2020-08-06 06:36:54.946  INFO 4836 --- [restartedMain] j.LocalContainerEntityManagerFactoryBean : Initialized JPA EntityManagerFactory for persistence unit 'default'
2020-08-06 06:36:57.022  INFO 4836 --- [restartedMain] o.s.s.web.DefaultSecurityFilterChain     : Creating filter chain: org.springframework.security.web.util.matcher.AnyRequestMatcher@1, [org.springframework.security.web.context.request.async.WebAsyncManagerIntegrationFilter@dee93a7, org.springframework.security.web.context.SecurityContextPersistenceFilter@20e2a621, org.springframework.security.web.header.HeaderWriterFilter@5474129e, org.springframework.security.web.csrf.CsrfFilter@c9dd058, org.springframework.security.web.authentication.logout.LogoutFilter@6dc795e0, org.springframework.security.web.authentication.UsernamePasswordAuthenticationFilter@737f1e6e, org.springframework.security.web.savedrequest.RequestCacheAwareFilter@323a3841, org.springframework.security.web.servletapi.SecurityContextHolderAwareRequestFilter@27b1b00a, org.springframework.security.web.authentication.AnonymousAuthenticationFilter@43b8859f, org.springframework.security.web.session.SessionManagementFilter@43ba28cd, org.springframework.security.web.access.ExceptionTranslationFilter@15efd5d8, org.springframework.security.web.access.intercept.FilterSecurityInterceptor@5fe15022]
2020-08-06 06:36:57.141  INFO 4836 --- [restartedMain] o.s.w.s.handler.SimpleUrlHandlerMapping  : Mapped URL path [/**/favicon.ico] onto handler of type [class org.springframework.web.servlet.resource.ResourceHttpRequestHandler]
2020-08-06 06:36:57.407  INFO 4836 --- [restartedMain] s.w.s.m.m.a.RequestMappingHandlerAdapter : Looking for @ControllerAdvice: org.springframework.boot.web.servlet.context.AnnotationConfigServletWebServerApplicationContext@50bd4fb2: startup date [Thu Aug 06 06:36:48 EDT 2020]; root of context hierarchy
2020-08-06 06:36:57.470  WARN 4836 --- [restartedMain] aWebConfiguration$JpaWebMvcConfiguration : spring.jpa.open-in-view is enabled by default. Therefore, database queries may be performed during view rendering. Explicitly configure spring.jpa.open-in-view to disable this warning
2020-08-06 06:36:57.532  INFO 4836 --- [restartedMain] s.w.s.m.m.a.RequestMappingHandlerMapping : Mapped "{[/Account/user/changePassword],methods=[GET]}" onto public java.lang.String com.webbuild.javabrains.controller.AdminController.showChangePasswordPage(org.springframework.web.servlet.mvc.support.RedirectAttributes,org.springframework.ui.Model,java.lang.String)
2020-08-06 06:36:57.532  INFO 4836 --- [restartedMain] s.w.s.m.m.a.RequestMappingHandlerMapping : Mapped "{[/Account/ResetPassword],methods=[POST]}" onto public org.springframework.web.servlet.ModelAndView com.webbuild.javabrains.controller.AdminController.resetPassword(java.lang.String,javax.servlet.http.HttpServletRequest)
2020-08-06 06:36:57.532  INFO 4836 --- [restartedMain] s.w.s.m.m.a.RequestMappingHandlerMapping : Mapped "{[/Account/user/changePassword],methods=[POST]}" onto public java.lang.String com.webbuild.javabrains.controller.AdminController.savePassword(com.webbuild.javabrains.model.User,org.springframework.validation.BindingResult,java.lang.String,org.springframework.ui.Model)
2020-08-06 06:36:57.548  INFO 4836 --- [restartedMain] s.w.s.m.m.a.RequestMappingHandlerMapping : Mapped "{[/Stats/SearchFile]}" onto public org.springframework.web.servlet.ModelAndView com.webbuild.javabrains.controller.AnaliticsController.PreformSerch(java.lang.String,java.lang.String)
2020-08-06 06:36:57.548  INFO 4836 --- [restartedMain] s.w.s.m.m.a.RequestMappingHandlerMapping : Mapped "{[/Stats/closerecords]}" onto public org.springframework.web.servlet.ModelAndView com.webbuild.javabrains.controller.AnaliticsController.CloseRecords()
2020-08-06 06:36:57.548  INFO 4836 --- [restartedMain] s.w.s.m.m.a.RequestMappingHandlerMapping : Mapped "{[/Stats/chart]}" onto public org.springframework.web.servlet.ModelAndView com.webbuild.javabrains.controller.AnaliticsController.chartbuild(java.lang.String)
2020-08-06 06:36:57.548  INFO 4836 --- [restartedMain] s.w.s.m.m.a.RequestMappingHandlerMapping : Mapped "{[/Stats/BuildRecord/{id}]}" onto public org.springframework.web.servlet.ModelAndView com.webbuild.javabrains.controller.AnaliticsController.CreateRecord(java.lang.String[],int)
2020-08-06 06:36:57.548  INFO 4836 --- [restartedMain] s.w.s.m.m.a.RequestMappingHandlerMapping : Mapped "{[/Stats/chosenewdata/{id}]}" onto public org.springframework.web.servlet.ModelAndView com.webbuild.javabrains.controller.AnaliticsController.ChooseNewDataset(int)
2020-08-06 06:36:57.548  INFO 4836 --- [restartedMain] s.w.s.m.m.a.RequestMappingHandlerMapping : Mapped "{[/Stats/buildFinalRecord]}" onto public org.springframework.web.servlet.ModelAndView com.webbuild.javabrains.controller.AnaliticsController.buildfolder(java.lang.String)
2020-08-06 06:36:57.548  INFO 4836 --- [restartedMain] s.w.s.m.m.a.RequestMappingHandlerMapping : Mapped "{[/Stats/createnewrec]}" onto public org.springframework.web.servlet.ModelAndView com.webbuild.javabrains.controller.AnaliticsController.CreateNewRec()
2020-08-06 06:36:57.548  INFO 4836 --- [restartedMain] s.w.s.m.m.a.RequestMappingHandlerMapping : Mapped "{[/HomePage]}" onto public org.springframework.web.servlet.ModelAndView com.webbuild.javabrains.controller.HomePageController.HomeLab()
2020-08-06 06:36:57.548  INFO 4836 --- [restartedMain] s.w.s.m.m.a.RequestMappingHandlerMapping : Mapped "{[/TestPage]}" onto public org.springframework.web.servlet.ModelAndView com.webbuild.javabrains.controller.HomePageController.TestMail()
2020-08-06 06:36:57.548  INFO 4836 --- [restartedMain] s.w.s.m.m.a.RequestMappingHandlerMapping : Mapped "{[/Shipping/switchup]}" onto public org.springframework.web.servlet.ModelAndView com.webbuild.javabrains.controller.SpainShippingController.test(java.lang.String,java.lang.String)
2020-08-06 06:36:57.548  INFO 4836 --- [restartedMain] s.w.s.m.m.a.RequestMappingHandlerMapping : Mapped "{[/Shipping/America]}" onto public org.springframework.web.servlet.ModelAndView com.webbuild.javabrains.controller.SpainShippingController.getUserPageTableObjects()
2020-08-06 06:36:57.548  INFO 4836 --- [restartedMain] s.w.s.m.m.a.RequestMappingHandlerMapping : Mapped "{[/Shipping/tableUpdate || /Shipping/tableUpdate/{id}],methods=[POST]}" onto public org.springframework.web.servlet.ModelAndView com.webbuild.javabrains.controller.SpainShippingController.updateTableObjects(com.webbuild.javabrains.model.TableObjects,java.lang.String)
2020-08-06 06:36:57.548  INFO 4836 --- [restartedMain] s.w.s.m.m.a.RequestMappingHandlerMapping : Mapped "{[/Shipping/SpainDelete/{id}]}" onto public org.springframework.web.servlet.ModelAndView com.webbuild.javabrains.controller.SpainShippingController.deleteTableObjects(java.lang.String)
2020-08-06 06:36:57.548  INFO 4836 --- [restartedMain] s.w.s.m.m.a.RequestMappingHandlerMapping : Mapped "{[/Shipping/Europe || /Shipping/Europe/{id}]}" onto public org.springframework.web.servlet.ModelAndView com.webbuild.javabrains.controller.SpainShippingController.getManagerPageTableObjects(java.lang.String)
2020-08-06 06:36:57.548  INFO 4836 --- [restartedMain] s.w.s.m.m.a.RequestMappingHandlerMapping : Mapped "{[/Shipping/addneworder || /Shipping/addneworder/{id}]}" onto public org.springframework.web.servlet.ModelAndView com.webbuild.javabrains.controller.SpainShippingController.userShopping(java.lang.String)
2020-08-06 06:36:57.548  INFO 4836 --- [restartedMain] s.w.s.m.m.a.RequestMappingHandlerMapping : Mapped "{[/Shipping/Pacific]}" onto public org.springframework.web.servlet.ModelAndView com.webbuild.javabrains.controller.SpainShippingController.Adminsetup()
2020-08-06 06:36:57.548  INFO 4836 --- [restartedMain] s.w.s.m.m.a.RequestMappingHandlerMapping : Mapped "{[/Shipping/addneworder/Invoicve],methods=[POST]}" onto public org.springframework.web.servlet.ModelAndView com.webbuild.javabrains.controller.SpainShippingController.addTablePage(com.webbuild.javabrains.model.InvoiceInfo)
2020-08-06 06:36:57.548  INFO 4836 --- [restartedMain] s.w.s.m.m.a.RequestMappingHandlerMapping : Mapped "{[/Shipping/SingleObject/{id}]}" onto public org.springframework.web.servlet.ModelAndView com.webbuild.javabrains.controller.SpainShippingController.getTableObject(java.lang.String)
2020-08-06 06:36:57.548  INFO 4836 --- [restartedMain] s.w.s.m.m.a.RequestMappingHandlerMapping : Mapped "{[/Shipping/Spain/push],methods=[PUT]}" onto public void com.webbuild.javabrains.controller.SpainShippingController.PushtoTable(org.springframework.ui.ModelMap)
2020-08-06 06:36:57.563  INFO 4836 --- [restartedMain] s.w.s.m.m.a.RequestMappingHandlerMapping : Mapped "{[/registration],methods=[POST]}" onto public java.lang.String com.webbuild.javabrains.controller.UserController.registration(com.webbuild.javabrains.model.User,org.springframework.validation.BindingResult)
2020-08-06 06:36:57.563  INFO 4836 --- [restartedMain] s.w.s.m.m.a.RequestMappingHandlerMapping : Mapped "{[/registration],methods=[GET]}" onto public java.lang.String com.webbuild.javabrains.controller.UserController.registration(org.springframework.ui.Model)
2020-08-06 06:36:57.563  INFO 4836 --- [restartedMain] s.w.s.m.m.a.RequestMappingHandlerMapping : Mapped "{[/ || /welcome],methods=[GET]}" onto public java.lang.String com.webbuild.javabrains.controller.UserController.welcome(org.springframework.ui.Model)
2020-08-06 06:36:57.563  INFO 4836 --- [restartedMain] s.w.s.m.m.a.RequestMappingHandlerMapping : Mapped "{[/login],methods=[GET]}" onto public java.lang.String com.webbuild.javabrains.controller.UserController.login(org.springframework.ui.Model,java.lang.String,java.lang.String,java.lang.String,java.lang.String)
2020-08-06 06:36:57.563  INFO 4836 --- [restartedMain] s.w.s.m.m.a.RequestMappingHandlerMapping : Mapped "{[/error]}" onto public org.springframework.http.ResponseEntity<java.util.Map<java.lang.String, java.lang.Object>> org.springframework.boot.autoconfigure.web.servlet.error.BasicErrorController.error(javax.servlet.http.HttpServletRequest)
2020-08-06 06:36:57.563  INFO 4836 --- [restartedMain] s.w.s.m.m.a.RequestMappingHandlerMapping : Mapped "{[/error],produces=[text/html]}" onto public org.springframework.web.servlet.ModelAndView org.springframework.boot.autoconfigure.web.servlet.error.BasicErrorController.errorHtml(javax.servlet.http.HttpServletRequest,javax.servlet.http.HttpServletResponse)
2020-08-06 06:36:57.610  INFO 4836 --- [restartedMain] o.s.w.s.handler.SimpleUrlHandlerMapping  : Mapped URL path [/webjars/**] onto handler of type [class org.springframework.web.servlet.resource.ResourceHttpRequestHandler]
2020-08-06 06:36:57.610  INFO 4836 --- [restartedMain] o.s.w.s.handler.SimpleUrlHandlerMapping  : Mapped URL path [/**] onto handler of type [class org.springframework.web.servlet.resource.ResourceHttpRequestHandler]
2020-08-06 06:36:57.688  INFO 4836 --- [restartedMain] o.s.b.a.w.s.WelcomePageHandlerMapping    : Adding welcome page template: index
2020-08-06 06:36:58.157  INFO 4836 --- [restartedMain] o.s.b.d.a.OptionalLiveReloadServer       : LiveReload server is running on port 35729
2020-08-06 06:36:58.211  INFO 4836 --- [restartedMain] o.s.j.e.a.AnnotationMBeanExporter        : Registering beans for JMX exposure on startup
2020-08-06 06:36:58.211  INFO 4836 --- [restartedMain] o.s.j.e.a.AnnotationMBeanExporter        : Bean with name 'dataSource' has been autodetected for JMX exposure
2020-08-06 06:36:58.211  INFO 4836 --- [restartedMain] o.s.j.e.a.AnnotationMBeanExporter        : Located MBean 'dataSource': registering with JMX server as MBean [com.zaxxer.hikari:name=dataSource,type=HikariDataSource]
2020-08-06 06:36:59.195  INFO 4836 --- [restartedMain] o.s.b.w.embedded.tomcat.TomcatWebServer  : Tomcat started on port(s): 8443 (https) 8084 (http) with context path ''
2020-08-06 06:36:59.201  INFO 4836 --- [restartedMain] c.w.javabrains.ApplicationStartUp        : Started ApplicationStartUp in 11.697 seconds (JVM running for 15.65)
2020-08-06 06:37:30.405  INFO 4836 --- [https-jsse-nio-8443-exec-8] o.a.c.c.C.[Tomcat].[localhost].[/]       : Initializing Spring FrameworkServlet 'dispatcherServlet'
2020-08-06 06:37:30.405  INFO 4836 --- [https-jsse-nio-8443-exec-8] o.s.web.servlet.DispatcherServlet        : FrameworkServlet 'dispatcherServlet': initialization started
2020-08-06 06:37:30.440  INFO 4836 --- [https-jsse-nio-8443-exec-8] o.s.web.servlet.DispatcherServlet        : FrameworkServlet 'dispatcherServlet': initialization completed in 34 ms
2020-08-06 06:38:22.191  INFO 4836 --- [RMI TCP Connection(2)-127.0.0.1] inMXBeanRegistrar$SpringApplicationAdmin : Application shutdown requested.
2020-08-06 06:38:22.192  INFO 4836 --- [RMI TCP Connection(2)-127.0.0.1] ConfigServletWebServerApplicationContext : Closing org.springframework.boot.web.servlet.context.AnnotationConfigServletWebServerApplicationContext@50bd4fb2: startup date [Thu Aug 06 06:36:48 EDT 2020]; root of context hierarchy
2020-08-06 06:38:22.195  INFO 4836 --- [RMI TCP Connection(2)-127.0.0.1] o.s.j.e.a.AnnotationMBeanExporter        : Unregistering JMX-exposed beans on shutdown
2020-08-06 06:38:22.196  INFO 4836 --- [RMI TCP Connection(2)-127.0.0.1] o.s.j.e.a.AnnotationMBeanExporter        : Unregistering JMX-exposed beans
2020-08-06 06:38:22.198  INFO 4836 --- [RMI TCP Connection(2)-127.0.0.1] j.LocalContainerEntityManagerFactoryBean : Closing JPA EntityManagerFactory for persistence unit 'default'
2020-08-06 06:38:22.200  INFO 4836 --- [RMI TCP Connection(2)-127.0.0.1] com.zaxxer.hikari.HikariDataSource       : HikariPool-1 - Shutdown initiated...
2020-08-06 06:38:22.214  INFO 4836 --- [RMI TCP Connection(2)-127.0.0.1] com.zaxxer.hikari.HikariDataSource       : HikariPool-1 - Shutdown completed.
2020-08-06 08:08:22.321  INFO 2544 --- [restartedMain] c.w.javabrains.ApplicationStartUp        : Starting ApplicationStartUp on LV27R72N2 with PID 2544 (C:\Users\gce\git\DemoWebStie\ShippingWebsiteSpringSQL\target\classes started by gce in C:\Users\gce\git\DemoWebStie\ShippingWebsiteSpringSQL)
2020-08-06 08:08:22.321  INFO 2544 --- [restartedMain] c.w.javabrains.ApplicationStartUp        : No active profile set, falling back to default profiles: default
2020-08-06 08:08:22.368  INFO 2544 --- [restartedMain] ConfigServletWebServerApplicationContext : Refreshing org.springframework.boot.web.servlet.context.AnnotationConfigServletWebServerApplicationContext@63d14426: startup date [Thu Aug 06 08:08:22 EDT 2020]; root of context hierarchy
2020-08-06 08:08:23.708  INFO 2544 --- [restartedMain] trationDelegate$BeanPostProcessorChecker : Bean 'org.springframework.transaction.annotation.ProxyTransactionManagementConfiguration' of type [org.springframework.transaction.annotation.ProxyTransactionManagementConfiguration$$EnhancerBySpringCGLIB$$d6912dbf] is not eligible for getting processed by all BeanPostProcessors (for example: not eligible for auto-proxying)
2020-08-06 08:08:24.270  INFO 2544 --- [restartedMain] o.s.b.w.embedded.tomcat.TomcatWebServer  : Tomcat initialized with port(s): 8443 (https) 8084 (http)
2020-08-06 08:08:24.324  INFO 2544 --- [restartedMain] o.apache.catalina.core.StandardService   : Starting service [Tomcat]
2020-08-06 08:08:24.339  INFO 2544 --- [restartedMain] org.apache.catalina.core.StandardEngine  : Starting Servlet Engine: Apache Tomcat/8.5.35
2020-08-06 08:08:24.355  INFO 2544 --- [localhost-startStop-1] o.a.catalina.core.AprLifecycleListener   : The APR based Apache Tomcat Native library which allows optimal performance in production environments was not found on the java.library.path: [C:\Program Files\Java\jre1.8.0_221\bin;C:\WINDOWS\Sun\Java\bin;C:\WINDOWS\system32;C:\WINDOWS;C:/Program Files/Java/jre1.8.0_221/bin/server;C:/Program Files/Java/jre1.8.0_221/bin;C:/Program Files/Java/jre1.8.0_221/lib/amd64;C:\Ruby26-x64\bin;C:\oraclexe\app\oracle\product\11.2.0\server\bin;;C:\Program Files (x86)\Common Files\Oracle\Java\javapath;C:\Ruby25-x64\bin;C:\oraclexe\app\oracle\product\11.2.0\server\bin;C:\Program Files\Microsoft MPI\Bin\;C:\oraclexe\app\oracle\product\11.2.0\server\bin;C:\WINDOWS\system32;C:\WINDOWS;C:\WINDOWS\System32\Wbem;C:\WINDOWS\System32\WindowsPowerShell\v1.0\;C:\Program Files\Git\cmd;C:\Program Files\dotnet\;C:\Program Files\Microsoft SQL Server\130\Tools\Binn\;C:\Python\Python37-32;C:\Program Files\nodejs\;C:\Program Files (x86)\HID Global\ActivClient\;C:\Program Files\HID Global\ActivClient\;C:\Users\gce\AppData\Local\Microsoft\WindowsApps;C:\Users\gce\Desktop\Java\RubyMine 2018.3.5\bin;C:\Users\gce\AppData\Local\Programs\Microsoft VS Code\bin;C:\Users\gce\AppData\Local\GitHubDesktop\bin;C:\Users\gce\AppData\Roaming\npm;C:\Users\gce\eclipse\jee-2018-123\eclipse;;.]
2020-08-06 08:08:24.586  INFO 2544 --- [localhost-startStop-1] org.apache.jasper.servlet.TldScanner     : At least one JAR was scanned for TLDs yet contained no TLDs. Enable debug logging for this logger for a complete list of JARs that were scanned but no TLDs were found in them. Skipping unneeded JARs during scanning can improve startup time and JSP compilation time.
2020-08-06 08:08:24.586  INFO 2544 --- [localhost-startStop-1] o.a.c.c.C.[Tomcat].[localhost].[/]       : Initializing Spring embedded WebApplicationContext
2020-08-06 08:08:24.586  INFO 2544 --- [localhost-startStop-1] o.s.web.context.ContextLoader            : Root WebApplicationContext: initialization completed in 2218 ms
2020-08-06 08:08:24.670  INFO 2544 --- [localhost-startStop-1] o.s.b.w.servlet.FilterRegistrationBean   : Mapping filter: 'characterEncodingFilter' to: [/*]
2020-08-06 08:08:24.670  INFO 2544 --- [localhost-startStop-1] o.s.b.w.servlet.FilterRegistrationBean   : Mapping filter: 'hiddenHttpMethodFilter' to: [/*]
2020-08-06 08:08:24.670  INFO 2544 --- [localhost-startStop-1] o.s.b.w.servlet.FilterRegistrationBean   : Mapping filter: 'httpPutFormContentFilter' to: [/*]
2020-08-06 08:08:24.670  INFO 2544 --- [localhost-startStop-1] o.s.b.w.servlet.FilterRegistrationBean   : Mapping filter: 'requestContextFilter' to: [/*]
2020-08-06 08:08:24.670  INFO 2544 --- [localhost-startStop-1] .s.DelegatingFilterProxyRegistrationBean : Mapping filter: 'springSecurityFilterChain' to: [/*]
2020-08-06 08:08:24.670  INFO 2544 --- [localhost-startStop-1] o.s.b.w.servlet.ServletRegistrationBean  : Servlet dispatcherServlet mapped to [/]
2020-08-06 08:08:24.886  INFO 2544 --- [restartedMain] com.zaxxer.hikari.HikariDataSource       : HikariPool-1 - Starting...
2020-08-06 08:08:25.308  INFO 2544 --- [restartedMain] com.zaxxer.hikari.pool.PoolBase          : HikariPool-1 - Driver does not support get/set network timeout for connections. (oracle.jdbc.driver.T4CConnection.getNetworkTimeout()I)
2020-08-06 08:08:25.308  INFO 2544 --- [restartedMain] com.zaxxer.hikari.HikariDataSource       : HikariPool-1 - Start completed.
2020-08-06 08:08:25.355  INFO 2544 --- [restartedMain] j.LocalContainerEntityManagerFactoryBean : Building JPA container EntityManagerFactory for persistence unit 'default'
2020-08-06 08:08:26.590  INFO 2544 --- [restartedMain] j.LocalContainerEntityManagerFactoryBean : Initialized JPA EntityManagerFactory for persistence unit 'default'
2020-08-06 08:08:27.790  INFO 2544 --- [restartedMain] o.s.s.web.DefaultSecurityFilterChain     : Creating filter chain: org.springframework.security.web.util.matcher.AnyRequestMatcher@1, [org.springframework.security.web.context.request.async.WebAsyncManagerIntegrationFilter@df7bcad, org.springframework.security.web.context.SecurityContextPersistenceFilter@bfd96a3, org.springframework.security.web.header.HeaderWriterFilter@26066fc2, org.springframework.security.web.csrf.CsrfFilter@7505e7cf, org.springframework.security.web.authentication.logout.LogoutFilter@3e4257c3, org.springframework.security.web.authentication.UsernamePasswordAuthenticationFilter@5d014c47, org.springframework.security.web.savedrequest.RequestCacheAwareFilter@47b807d0, org.springframework.security.web.servletapi.SecurityContextHolderAwareRequestFilter@765cb03b, org.springframework.security.web.authentication.AnonymousAuthenticationFilter@39d37c9a, org.springframework.security.web.session.SessionManagementFilter@457e147e, org.springframework.security.web.access.ExceptionTranslationFilter@53565a86, org.springframework.security.web.access.intercept.FilterSecurityInterceptor@7f323967]
2020-08-06 08:08:27.859  INFO 2544 --- [restartedMain] o.s.w.s.handler.SimpleUrlHandlerMapping  : Mapped URL path [/**/favicon.ico] onto handler of type [class org.springframework.web.servlet.resource.ResourceHttpRequestHandler]
2020-08-06 08:08:28.012  INFO 2544 --- [restartedMain] s.w.s.m.m.a.RequestMappingHandlerAdapter : Looking for @ControllerAdvice: org.springframework.boot.web.servlet.context.AnnotationConfigServletWebServerApplicationContext@63d14426: startup date [Thu Aug 06 08:08:22 EDT 2020]; root of context hierarchy
2020-08-06 08:08:28.043  WARN 2544 --- [restartedMain] aWebConfiguration$JpaWebMvcConfiguration : spring.jpa.open-in-view is enabled by default. Therefore, database queries may be performed during view rendering. Explicitly configure spring.jpa.open-in-view to disable this warning
2020-08-06 08:08:28.074  INFO 2544 --- [restartedMain] s.w.s.m.m.a.RequestMappingHandlerMapping : Mapped "{[/Account/ResetPassword],methods=[POST]}" onto public org.springframework.web.servlet.ModelAndView com.webbuild.javabrains.controller.AdminController.resetPassword(java.lang.String,javax.servlet.http.HttpServletRequest)
2020-08-06 08:08:28.074  INFO 2544 --- [restartedMain] s.w.s.m.m.a.RequestMappingHandlerMapping : Mapped "{[/Account/user/changePassword],methods=[POST]}" onto public java.lang.String com.webbuild.javabrains.controller.AdminController.savePassword(com.webbuild.javabrains.model.User,org.springframework.validation.BindingResult,java.lang.String,org.springframework.ui.Model)
2020-08-06 08:08:28.074  INFO 2544 --- [restartedMain] s.w.s.m.m.a.RequestMappingHandlerMapping : Mapped "{[/Account/user/changePassword],methods=[GET]}" onto public java.lang.String com.webbuild.javabrains.controller.AdminController.showChangePasswordPage(org.springframework.web.servlet.mvc.support.RedirectAttributes,org.springframework.ui.Model,java.lang.String)
2020-08-06 08:08:28.074  INFO 2544 --- [restartedMain] s.w.s.m.m.a.RequestMappingHandlerMapping : Mapped "{[/Stats/createnewrec]}" onto public org.springframework.web.servlet.ModelAndView com.webbuild.javabrains.controller.AnaliticsController.CreateNewRec()
2020-08-06 08:08:28.074  INFO 2544 --- [restartedMain] s.w.s.m.m.a.RequestMappingHandlerMapping : Mapped "{[/Stats/chosenewdata/{id}]}" onto public org.springframework.web.servlet.ModelAndView com.webbuild.javabrains.controller.AnaliticsController.ChooseNewDataset(int)
2020-08-06 08:08:28.074  INFO 2544 --- [restartedMain] s.w.s.m.m.a.RequestMappingHandlerMapping : Mapped "{[/Stats/SearchFile]}" onto public org.springframework.web.servlet.ModelAndView com.webbuild.javabrains.controller.AnaliticsController.PreformSerch(java.lang.String,java.lang.String)
2020-08-06 08:08:28.074  INFO 2544 --- [restartedMain] s.w.s.m.m.a.RequestMappingHandlerMapping : Mapped "{[/Stats/buildFinalRecord]}" onto public org.springframework.web.servlet.ModelAndView com.webbuild.javabrains.controller.AnaliticsController.buildfolder(java.lang.String)
2020-08-06 08:08:28.074  INFO 2544 --- [restartedMain] s.w.s.m.m.a.RequestMappingHandlerMapping : Mapped "{[/Stats/chart]}" onto public org.springframework.web.servlet.ModelAndView com.webbuild.javabrains.controller.AnaliticsController.chartbuild(java.lang.String)
2020-08-06 08:08:28.074  INFO 2544 --- [restartedMain] s.w.s.m.m.a.RequestMappingHandlerMapping : Mapped "{[/Stats/BuildRecord/{id}]}" onto public org.springframework.web.servlet.ModelAndView com.webbuild.javabrains.controller.AnaliticsController.CreateRecord(java.lang.String[],int)
2020-08-06 08:08:28.074  INFO 2544 --- [restartedMain] s.w.s.m.m.a.RequestMappingHandlerMapping : Mapped "{[/Stats/closerecords]}" onto public org.springframework.web.servlet.ModelAndView com.webbuild.javabrains.controller.AnaliticsController.CloseRecords()
2020-08-06 08:08:28.074  INFO 2544 --- [restartedMain] s.w.s.m.m.a.RequestMappingHandlerMapping : Mapped "{[/TestPage]}" onto public org.springframework.web.servlet.ModelAndView com.webbuild.javabrains.controller.HomePageController.TestMail()
2020-08-06 08:08:28.074  INFO 2544 --- [restartedMain] s.w.s.m.m.a.RequestMappingHandlerMapping : Mapped "{[/HomePage]}" onto public org.springframework.web.servlet.ModelAndView com.webbuild.javabrains.controller.HomePageController.HomeLab()
2020-08-06 08:08:28.074  INFO 2544 --- [restartedMain] s.w.s.m.m.a.RequestMappingHandlerMapping : Mapped "{[/Shipping/switchup]}" onto public org.springframework.web.servlet.ModelAndView com.webbuild.javabrains.controller.SpainShippingController.test(java.lang.String,java.lang.String)
2020-08-06 08:08:28.074  INFO 2544 --- [restartedMain] s.w.s.m.m.a.RequestMappingHandlerMapping : Mapped "{[/Shipping/SingleObject/{id}]}" onto public org.springframework.web.servlet.ModelAndView com.webbuild.javabrains.controller.SpainShippingController.getTableObject(java.lang.String)
2020-08-06 08:08:28.074  INFO 2544 --- [restartedMain] s.w.s.m.m.a.RequestMappingHandlerMapping : Mapped "{[/Shipping/Pacific]}" onto public org.springframework.web.servlet.ModelAndView com.webbuild.javabrains.controller.SpainShippingController.Adminsetup()
2020-08-06 08:08:28.074  INFO 2544 --- [restartedMain] s.w.s.m.m.a.RequestMappingHandlerMapping : Mapped "{[/Shipping/addneworder || /Shipping/addneworder/{id}]}" onto public org.springframework.web.servlet.ModelAndView com.webbuild.javabrains.controller.SpainShippingController.userShopping(java.lang.String)
2020-08-06 08:08:28.074  INFO 2544 --- [restartedMain] s.w.s.m.m.a.RequestMappingHandlerMapping : Mapped "{[/Shipping/addneworder/Invoicve],methods=[POST]}" onto public org.springframework.web.servlet.ModelAndView com.webbuild.javabrains.controller.SpainShippingController.addTablePage(com.webbuild.javabrains.model.InvoiceInfo)
2020-08-06 08:08:28.074  INFO 2544 --- [restartedMain] s.w.s.m.m.a.RequestMappingHandlerMapping : Mapped "{[/Shipping/Spain/push],methods=[PUT]}" onto public void com.webbuild.javabrains.controller.SpainShippingController.PushtoTable(org.springframework.ui.ModelMap)
2020-08-06 08:08:28.074  INFO 2544 --- [restartedMain] s.w.s.m.m.a.RequestMappingHandlerMapping : Mapped "{[/Shipping/tableUpdate || /Shipping/tableUpdate/{id}],methods=[POST]}" onto public org.springframework.web.servlet.ModelAndView com.webbuild.javabrains.controller.SpainShippingController.updateTableObjects(com.webbuild.javabrains.model.TableObjects,java.lang.String)
2020-08-06 08:08:28.074  INFO 2544 --- [restartedMain] s.w.s.m.m.a.RequestMappingHandlerMapping : Mapped "{[/Shipping/SpainDelete/{id}]}" onto public org.springframework.web.servlet.ModelAndView com.webbuild.javabrains.controller.SpainShippingController.deleteTableObjects(java.lang.String)
2020-08-06 08:08:28.074  INFO 2544 --- [restartedMain] s.w.s.m.m.a.RequestMappingHandlerMapping : Mapped "{[/Shipping/America]}" onto public org.springframework.web.servlet.ModelAndView com.webbuild.javabrains.controller.SpainShippingController.getUserPageTableObjects()
2020-08-06 08:08:28.074  INFO 2544 --- [restartedMain] s.w.s.m.m.a.RequestMappingHandlerMapping : Mapped "{[/Shipping/Europe || /Shipping/Europe/{id}]}" onto public org.springframework.web.servlet.ModelAndView com.webbuild.javabrains.controller.SpainShippingController.getManagerPageTableObjects(java.lang.String)
2020-08-06 08:08:28.090  INFO 2544 --- [restartedMain] s.w.s.m.m.a.RequestMappingHandlerMapping : Mapped "{[/ || /welcome],methods=[GET]}" onto public java.lang.String com.webbuild.javabrains.controller.UserController.welcome(org.springframework.ui.Model)
2020-08-06 08:08:28.090  INFO 2544 --- [restartedMain] s.w.s.m.m.a.RequestMappingHandlerMapping : Mapped "{[/login],methods=[GET]}" onto public java.lang.String com.webbuild.javabrains.controller.UserController.login(org.springframework.ui.Model,java.lang.String,java.lang.String,java.lang.String,java.lang.String)
2020-08-06 08:08:28.090  INFO 2544 --- [restartedMain] s.w.s.m.m.a.RequestMappingHandlerMapping : Mapped "{[/registration],methods=[GET]}" onto public java.lang.String com.webbuild.javabrains.controller.UserController.registration(org.springframework.ui.Model)
2020-08-06 08:08:28.090  INFO 2544 --- [restartedMain] s.w.s.m.m.a.RequestMappingHandlerMapping : Mapped "{[/registration],methods=[POST]}" onto public java.lang.String com.webbuild.javabrains.controller.UserController.registration(com.webbuild.javabrains.model.User,org.springframework.validation.BindingResult)
2020-08-06 08:08:28.090  INFO 2544 --- [restartedMain] s.w.s.m.m.a.RequestMappingHandlerMapping : Mapped "{[/error]}" onto public org.springframework.http.ResponseEntity<java.util.Map<java.lang.String, java.lang.Object>> org.springframework.boot.autoconfigure.web.servlet.error.BasicErrorController.error(javax.servlet.http.HttpServletRequest)
2020-08-06 08:08:28.090  INFO 2544 --- [restartedMain] s.w.s.m.m.a.RequestMappingHandlerMapping : Mapped "{[/error],produces=[text/html]}" onto public org.springframework.web.servlet.ModelAndView org.springframework.boot.autoconfigure.web.servlet.error.BasicErrorController.errorHtml(javax.servlet.http.HttpServletRequest,javax.servlet.http.HttpServletResponse)
2020-08-06 08:08:28.112  INFO 2544 --- [restartedMain] o.s.w.s.handler.SimpleUrlHandlerMapping  : Mapped URL path [/webjars/**] onto handler of type [class org.springframework.web.servlet.resource.ResourceHttpRequestHandler]
2020-08-06 08:08:28.112  INFO 2544 --- [restartedMain] o.s.w.s.handler.SimpleUrlHandlerMapping  : Mapped URL path [/**] onto handler of type [class org.springframework.web.servlet.resource.ResourceHttpRequestHandler]
2020-08-06 08:08:28.159  INFO 2544 --- [restartedMain] o.s.b.a.w.s.WelcomePageHandlerMapping    : Adding welcome page template: index
2020-08-06 08:08:28.444  INFO 2544 --- [restartedMain] o.s.b.d.a.OptionalLiveReloadServer       : LiveReload server is running on port 35729
2020-08-06 08:08:28.476  INFO 2544 --- [restartedMain] o.s.j.e.a.AnnotationMBeanExporter        : Registering beans for JMX exposure on startup
2020-08-06 08:08:28.476  INFO 2544 --- [restartedMain] o.s.j.e.a.AnnotationMBeanExporter        : Bean with name 'dataSource' has been autodetected for JMX exposure
2020-08-06 08:08:28.476  INFO 2544 --- [restartedMain] o.s.j.e.a.AnnotationMBeanExporter        : Located MBean 'dataSource': registering with JMX server as MBean [com.zaxxer.hikari:name=dataSource,type=HikariDataSource]
2020-08-06 08:08:28.930  INFO 2544 --- [restartedMain] o.s.b.w.embedded.tomcat.TomcatWebServer  : Tomcat started on port(s): 8443 (https) 8084 (http) with context path ''
2020-08-06 08:08:28.945  INFO 2544 --- [restartedMain] c.w.javabrains.ApplicationStartUp        : Started ApplicationStartUp in 6.924 seconds (JVM running for 7.689)
2020-08-06 08:09:11.365  INFO 2544 --- [https-jsse-nio-8443-exec-4] o.a.c.c.C.[Tomcat].[localhost].[/]       : Initializing Spring FrameworkServlet 'dispatcherServlet'
2020-08-06 08:09:11.369  INFO 2544 --- [https-jsse-nio-8443-exec-4] o.s.web.servlet.DispatcherServlet        : FrameworkServlet 'dispatcherServlet': initialization started
2020-08-06 08:09:11.384  INFO 2544 --- [https-jsse-nio-8443-exec-4] o.s.web.servlet.DispatcherServlet        : FrameworkServlet 'dispatcherServlet': initialization completed in 15 ms
2020-08-06 08:27:48.351  INFO 2544 --- [RMI TCP Connection(2)-127.0.0.1] inMXBeanRegistrar$SpringApplicationAdmin : Application shutdown requested.
2020-08-06 08:27:48.358  INFO 2544 --- [RMI TCP Connection(2)-127.0.0.1] ConfigServletWebServerApplicationContext : Closing org.springframework.boot.web.servlet.context.AnnotationConfigServletWebServerApplicationContext@63d14426: startup date [Thu Aug 06 08:08:22 EDT 2020]; root of context hierarchy
2020-08-06 08:27:48.359  INFO 2544 --- [RMI TCP Connection(2)-127.0.0.1] o.s.j.e.a.AnnotationMBeanExporter        : Unregistering JMX-exposed beans on shutdown
2020-08-06 08:27:48.359  INFO 2544 --- [RMI TCP Connection(2)-127.0.0.1] o.s.j.e.a.AnnotationMBeanExporter        : Unregistering JMX-exposed beans
2020-08-06 08:27:48.359  INFO 2544 --- [RMI TCP Connection(2)-127.0.0.1] j.LocalContainerEntityManagerFactoryBean : Closing JPA EntityManagerFactory for persistence unit 'default'
2020-08-06 08:27:48.359  INFO 2544 --- [RMI TCP Connection(2)-127.0.0.1] com.zaxxer.hikari.HikariDataSource       : HikariPool-1 - Shutdown initiated...
2020-08-06 08:27:48.359  INFO 2544 --- [RMI TCP Connection(2)-127.0.0.1] com.zaxxer.hikari.HikariDataSource       : HikariPool-1 - Shutdown completed.
