0:0:0:0:0:0:0:1 - - [15/Jul/2020:06:59:50 -0400] "GET /HomePage HTTP/1.1" 200 22843
0:0:0:0:0:0:0:1 - - [15/Jul/2020:06:59:50 -0400] "GET /ImageAssets/Condaments.jpeg HTTP/1.1" 200 41485
0:0:0:0:0:0:0:1 - - [15/Jul/2020:06:59:50 -0400] "GET /ImageAssets/Beverages.png HTTP/1.1" 200 43184
0:0:0:0:0:0:0:1 - - [15/Jul/2020:06:59:50 -0400] "GET /ImageAssets/grain%20cereal.jpg HTTP/1.1" 200 41318
0:0:0:0:0:0:0:1 - - [15/Jul/2020:06:59:50 -0400] "GET /ImageAssets/meat-pultry.jpg HTTP/1.1" 200 124485
0:0:0:0:0:0:0:1 - - [15/Jul/2020:06:59:50 -0400] "GET /FixedAssets/Aaron%20Larch.jpg HTTP/1.1" 302 -
0:0:0:0:0:0:0:1 - - [15/Jul/2020:06:59:50 -0400] "GET /FixedAssets/BrianRode.jpg HTTP/1.1" 302 -
0:0:0:0:0:0:0:1 - - [15/Jul/2020:06:59:50 -0400] "GET /ImageAssets/confections.jpg HTTP/1.1" 200 315715
0:0:0:0:0:0:0:1 - - [15/Jul/2020:06:59:50 -0400] "GET /FixedAssets/ComponyLogo.jpg HTTP/1.1" 302 -
0:0:0:0:0:0:0:1 - - [15/Jul/2020:06:59:50 -0400] "GET /ImageAssets/Produce.jpg HTTP/1.1" 200 71131
0:0:0:0:0:0:0:1 - - [15/Jul/2020:06:59:51 -0400] "GET /ImageAssets/seafood.jpeg HTTP/1.1" 200 267854
0:0:0:0:0:0:0:1 - - [15/Jul/2020:06:59:51 -0400] "GET /login HTTP/1.1" 200 6378
0:0:0:0:0:0:0:1 - - [15/Jul/2020:06:59:51 -0400] "GET /login HTTP/1.1" 200 6378
0:0:0:0:0:0:0:1 - - [15/Jul/2020:06:59:51 -0400] "GET /login HTTP/1.1" 200 6378
0:0:0:0:0:0:0:1 - - [15/Jul/2020:06:59:51 -0400] "GET /ImageAssets/Dairy%20products.jpg HTTP/1.1" 200 1718054
0:0:0:0:0:0:0:1 - - [15/Jul/2020:06:59:51 -0400] "GET /favicon.ico HTTP/1.1" 302 -
0:0:0:0:0:0:0:1 - - [15/Jul/2020:07:02:09 -0400] "GET /HomePage HTTP/1.1" 200 22843
0:0:0:0:0:0:0:1 - - [15/Jul/2020:07:02:09 -0400] "GET /FixedAssets/ComponyLogo.png HTTP/1.1" 302 -
0:0:0:0:0:0:0:1 - - [15/Jul/2020:07:02:09 -0400] "GET /FixedAssets/Aaron%20Larch.jpg HTTP/1.1" 302 -
0:0:0:0:0:0:0:1 - - [15/Jul/2020:07:02:09 -0400] "GET /FixedAssets/BrianRode.jpg HTTP/1.1" 302 -
0:0:0:0:0:0:0:1 - - [15/Jul/2020:07:02:09 -0400] "GET /login HTTP/1.1" 200 6378
0:0:0:0:0:0:0:1 - - [15/Jul/2020:07:02:09 -0400] "GET /login HTTP/1.1" 200 6378
0:0:0:0:0:0:0:1 - - [15/Jul/2020:07:02:09 -0400] "GET /login HTTP/1.1" 200 6378
0:0:0:0:0:0:0:1 - - [15/Jul/2020:07:02:09 -0400] "GET /ImageAssets/Beverages.png HTTP/1.1" 200 43184
0:0:0:0:0:0:0:1 - - [15/Jul/2020:07:02:09 -0400] "GET /ImageAssets/Condaments.jpeg HTTP/1.1" 200 41485
0:0:0:0:0:0:0:1 - - [15/Jul/2020:07:02:09 -0400] "GET /ImageAssets/grain%20cereal.jpg HTTP/1.1" 200 41318
0:0:0:0:0:0:0:1 - - [15/Jul/2020:07:02:09 -0400] "GET /ImageAssets/Produce.jpg HTTP/1.1" 200 71131
0:0:0:0:0:0:0:1 - - [15/Jul/2020:07:02:09 -0400] "GET /FixedAssets/ComponyLogo.png HTTP/1.1" 302 -
0:0:0:0:0:0:0:1 - - [15/Jul/2020:07:02:09 -0400] "GET /FixedAssets/Aaron%20Larch.jpg HTTP/1.1" 302 -
0:0:0:0:0:0:0:1 - - [15/Jul/2020:07:02:09 -0400] "GET /FixedAssets/BrianRode.jpg HTTP/1.1" 302 -
0:0:0:0:0:0:0:1 - - [15/Jul/2020:07:02:09 -0400] "GET /ImageAssets/meat-pultry.jpg HTTP/1.1" 200 124485
0:0:0:0:0:0:0:1 - - [15/Jul/2020:07:02:09 -0400] "GET /ImageAssets/confections.jpg HTTP/1.1" 200 315715
0:0:0:0:0:0:0:1 - - [15/Jul/2020:07:02:09 -0400] "GET /ImageAssets/seafood.jpeg HTTP/1.1" 200 267854
0:0:0:0:0:0:0:1 - - [15/Jul/2020:07:02:09 -0400] "GET /login HTTP/1.1" 200 6378
0:0:0:0:0:0:0:1 - - [15/Jul/2020:07:02:09 -0400] "GET /login HTTP/1.1" 200 6378
0:0:0:0:0:0:0:1 - - [15/Jul/2020:07:02:09 -0400] "GET /login HTTP/1.1" 200 6378
0:0:0:0:0:0:0:1 - - [15/Jul/2020:07:02:09 -0400] "GET /ImageAssets/Dairy%20products.jpg HTTP/1.1" 200 1718054
0:0:0:0:0:0:0:1 - - [15/Jul/2020:07:04:44 -0400] "GET /HomePage HTTP/1.1" 200 22846
0:0:0:0:0:0:0:1 - - [15/Jul/2020:07:04:44 -0400] "GET /FixedAssets/AaronLarch.jpg HTTP/1.1" 302 -
0:0:0:0:0:0:0:1 - - [15/Jul/2020:07:04:44 -0400] "GET /FixedAssets/ComponyLogo.png HTTP/1.1" 302 -
0:0:0:0:0:0:0:1 - - [15/Jul/2020:07:04:44 -0400] "GET /FixedAssets/BrianRodewald.jpg HTTP/1.1" 302 -
0:0:0:0:0:0:0:1 - - [15/Jul/2020:07:04:45 -0400] "GET /login HTTP/1.1" 200 6378
0:0:0:0:0:0:0:1 - - [15/Jul/2020:07:04:45 -0400] "GET /login HTTP/1.1" 200 6378
0:0:0:0:0:0:0:1 - - [15/Jul/2020:07:04:45 -0400] "GET /login HTTP/1.1" 200 6378
0:0:0:0:0:0:0:1 - - [15/Jul/2020:07:04:45 -0400] "GET /ImageAssets/Beverages.png HTTP/1.1" 200 43184
0:0:0:0:0:0:0:1 - - [15/Jul/2020:07:04:45 -0400] "GET /FixedAssets/ComponyLogo.png HTTP/1.1" 302 -
0:0:0:0:0:0:0:1 - - [15/Jul/2020:07:04:45 -0400] "GET /FixedAssets/AaronLarch.jpg HTTP/1.1" 302 -
0:0:0:0:0:0:0:1 - - [15/Jul/2020:07:04:45 -0400] "GET /ImageAssets/Condaments.jpeg HTTP/1.1" 200 41485
0:0:0:0:0:0:0:1 - - [15/Jul/2020:07:04:45 -0400] "GET /FixedAssets/BrianRodewald.jpg HTTP/1.1" 302 -
0:0:0:0:0:0:0:1 - - [15/Jul/2020:07:04:45 -0400] "GET /ImageAssets/Produce.jpg HTTP/1.1" 200 71131
0:0:0:0:0:0:0:1 - - [15/Jul/2020:07:04:45 -0400] "GET /ImageAssets/confections.jpg HTTP/1.1" 200 315715
0:0:0:0:0:0:0:1 - - [15/Jul/2020:07:04:45 -0400] "GET /ImageAssets/grain%20cereal.jpg HTTP/1.1" 200 41318
0:0:0:0:0:0:0:1 - - [15/Jul/2020:07:04:45 -0400] "GET /ImageAssets/meat-pultry.jpg HTTP/1.1" 200 124485
0:0:0:0:0:0:0:1 - - [15/Jul/2020:07:04:45 -0400] "GET /ImageAssets/seafood.jpeg HTTP/1.1" 200 267854
0:0:0:0:0:0:0:1 - - [15/Jul/2020:07:04:45 -0400] "GET /login HTTP/1.1" 200 6378
0:0:0:0:0:0:0:1 - - [15/Jul/2020:07:04:45 -0400] "GET /login HTTP/1.1" 200 6378
0:0:0:0:0:0:0:1 - - [15/Jul/2020:07:04:45 -0400] "GET /login HTTP/1.1" 200 6378
0:0:0:0:0:0:0:1 - - [15/Jul/2020:07:04:45 -0400] "GET /ImageAssets/Dairy%20products.jpg HTTP/1.1" 200 1718054
0:0:0:0:0:0:0:1 - - [15/Jul/2020:07:07:45 -0400] "GET /HomePage HTTP/1.1" 200 22822
0:0:0:0:0:0:0:1 - - [15/Jul/2020:07:07:45 -0400] "GET /FixedAssets/ComponyLogo.png HTTP/1.1" 302 -
0:0:0:0:0:0:0:1 - - [15/Jul/2020:07:07:45 -0400] "GET /FixedAssets/BrianRodewald.jpg HTTP/1.1" 302 -
0:0:0:0:0:0:0:1 - - [15/Jul/2020:07:07:45 -0400] "GET /FixedAssets/AaronLarch.jpg HTTP/1.1" 302 -
0:0:0:0:0:0:0:1 - - [15/Jul/2020:07:07:45 -0400] "GET /login HTTP/1.1" 200 6378
0:0:0:0:0:0:0:1 - - [15/Jul/2020:07:07:45 -0400] "GET /login HTTP/1.1" 200 6378
0:0:0:0:0:0:0:1 - - [15/Jul/2020:07:07:45 -0400] "GET /login HTTP/1.1" 200 6378
0:0:0:0:0:0:0:1 - - [15/Jul/2020:07:07:45 -0400] "GET /ImageAssets/Beverages.png HTTP/1.1" 200 43184
0:0:0:0:0:0:0:1 - - [15/Jul/2020:07:07:45 -0400] "GET /ImageAssets/Condaments.jpeg HTTP/1.1" 200 41485
0:0:0:0:0:0:0:1 - - [15/Jul/2020:07:07:45 -0400] "GET /ImageAssets/confections.jpg HTTP/1.1" 200 315715
0:0:0:0:0:0:0:1 - - [15/Jul/2020:07:07:45 -0400] "GET /ImageAssets/grain%20cereal.jpg HTTP/1.1" 200 41318
0:0:0:0:0:0:0:1 - - [15/Jul/2020:07:07:45 -0400] "GET /ImageAssets/Produce.jpg HTTP/1.1" 200 71131
0:0:0:0:0:0:0:1 - - [15/Jul/2020:07:07:45 -0400] "GET /FixedAssets/ComponyLogo.png HTTP/1.1" 302 -
0:0:0:0:0:0:0:1 - - [15/Jul/2020:07:07:45 -0400] "GET /ImageAssets/meat-pultry.jpg HTTP/1.1" 200 124485
0:0:0:0:0:0:0:1 - - [15/Jul/2020:07:07:45 -0400] "GET /FixedAssets/AaronLarch.jpg HTTP/1.1" 302 -
0:0:0:0:0:0:0:1 - - [15/Jul/2020:07:07:45 -0400] "GET /FixedAssets/BrianRodewald.jpg HTTP/1.1" 302 -
0:0:0:0:0:0:0:1 - - [15/Jul/2020:07:07:45 -0400] "GET /ImageAssets/seafood.jpeg HTTP/1.1" 200 267854
0:0:0:0:0:0:0:1 - - [15/Jul/2020:07:07:45 -0400] "GET /login HTTP/1.1" 200 6378
0:0:0:0:0:0:0:1 - - [15/Jul/2020:07:07:45 -0400] "GET /login HTTP/1.1" 200 6378
0:0:0:0:0:0:0:1 - - [15/Jul/2020:07:07:45 -0400] "GET /login HTTP/1.1" 200 6378
0:0:0:0:0:0:0:1 - - [15/Jul/2020:07:07:45 -0400] "GET /ImageAssets/Dairy%20products.jpg HTTP/1.1" 200 1718054
0:0:0:0:0:0:0:1 - - [15/Jul/2020:08:04:49 -0400] "GET /HomePage HTTP/1.1" 200 22822
0:0:0:0:0:0:0:1 - - [15/Jul/2020:08:04:49 -0400] "GET /FixedAssets/AaronLarch.jpg HTTP/1.1" 302 -
0:0:0:0:0:0:0:1 - - [15/Jul/2020:08:04:49 -0400] "GET /FixedAssets/BrianRodewald.jpg HTTP/1.1" 302 -
0:0:0:0:0:0:0:1 - - [15/Jul/2020:08:04:49 -0400] "GET /FixedAssets/ComponyLogo.png HTTP/1.1" 302 -
0:0:0:0:0:0:0:1 - - [15/Jul/2020:08:04:49 -0400] "GET /login HTTP/1.1" 200 6378
0:0:0:0:0:0:0:1 - - [15/Jul/2020:08:04:49 -0400] "GET /ImageAssets/Condaments.jpeg HTTP/1.1" 200 41485
0:0:0:0:0:0:0:1 - - [15/Jul/2020:08:04:49 -0400] "GET /ImageAssets/Beverages.png HTTP/1.1" 200 43184
0:0:0:0:0:0:0:1 - - [15/Jul/2020:08:04:49 -0400] "GET /login HTTP/1.1" 200 6378
0:0:0:0:0:0:0:1 - - [15/Jul/2020:08:04:49 -0400] "GET /login HTTP/1.1" 200 6378
0:0:0:0:0:0:0:1 - - [15/Jul/2020:08:04:49 -0400] "GET /ImageAssets/Produce.jpg HTTP/1.1" 200 71131
0:0:0:0:0:0:0:1 - - [15/Jul/2020:08:04:49 -0400] "GET /ImageAssets/grain%20cereal.jpg HTTP/1.1" 200 41318
0:0:0:0:0:0:0:1 - - [15/Jul/2020:08:04:49 -0400] "GET /ImageAssets/confections.jpg HTTP/1.1" 200 315715
0:0:0:0:0:0:0:1 - - [15/Jul/2020:08:04:49 -0400] "GET /ImageAssets/meat-pultry.jpg HTTP/1.1" 200 124485
0:0:0:0:0:0:0:1 - - [15/Jul/2020:08:04:49 -0400] "GET /ImageAssets/seafood.jpeg HTTP/1.1" 200 267854
0:0:0:0:0:0:0:1 - - [15/Jul/2020:08:04:49 -0400] "GET /favicon.ico HTTP/1.1" 302 -
0:0:0:0:0:0:0:1 - - [15/Jul/2020:08:04:49 -0400] "GET /ImageAssets/Dairy%20products.jpg HTTP/1.1" 200 1718054
0:0:0:0:0:0:0:1 - - [15/Jul/2020:08:05:07 -0400] "GET /login HTTP/1.1" 200 6378
0:0:0:0:0:0:0:1 - - [15/Jul/2020:08:05:15 -0400] "POST /login HTTP/1.1" 302 -
0:0:0:0:0:0:0:1 - - [15/Jul/2020:08:05:15 -0400] "GET /FixedAssets/ComponyLogo.png HTTP/1.1" 200 25947
0:0:0:0:0:0:0:1 - - [15/Jul/2020:08:05:16 -0400] "GET /login HTTP/1.1" 200 6378
0:0:0:0:0:0:0:1 - - [15/Jul/2020:08:05:29 -0400] "POST /login HTTP/1.1" 403 295
0:0:0:0:0:0:0:1 - - [15/Jul/2020:08:05:29 -0400] "GET /login HTTP/1.1" 200 6378
127.0.0.1 - - [15/Jul/2020:08:07:50 -0400] "GET /HomePage HTTP/1.1" 200 22822
127.0.0.1 - - [15/Jul/2020:08:07:50 -0400] "GET /FixedAssets/ComponyLogo.png HTTP/1.1" 200 25947
127.0.0.1 - - [15/Jul/2020:08:07:50 -0400] "GET /FixedAssets/BrianRodewald.jpg HTTP/1.1" 404 161
127.0.0.1 - - [15/Jul/2020:08:07:50 -0400] "GET /ImageAssets/Beverages.png HTTP/1.1" 200 43184
127.0.0.1 - - [15/Jul/2020:08:07:50 -0400] "GET /ImageAssets/Condaments.jpeg HTTP/1.1" 200 41485
127.0.0.1 - - [15/Jul/2020:08:07:51 -0400] "GET /ImageAssets/meat-pultry.jpg HTTP/1.1" 200 124485
127.0.0.1 - - [15/Jul/2020:08:07:51 -0400] "GET /ImageAssets/Produce.jpg HTTP/1.1" 200 71131
127.0.0.1 - - [15/Jul/2020:08:07:51 -0400] "GET /ImageAssets/grain%20cereal.jpg HTTP/1.1" 200 41318
127.0.0.1 - - [15/Jul/2020:08:07:51 -0400] "GET /FixedAssets/AaronLarch.jpg HTTP/1.1" 200 995586
127.0.0.1 - - [15/Jul/2020:08:07:51 -0400] "GET /ImageAssets/confections.jpg HTTP/1.1" 200 315715
127.0.0.1 - - [15/Jul/2020:08:07:51 -0400] "GET /ImageAssets/seafood.jpeg HTTP/1.1" 200 267854
127.0.0.1 - - [15/Jul/2020:08:07:51 -0400] "GET /ImageAssets/Dairy%20products.jpg HTTP/1.1" 200 1718054
127.0.0.1 - - [15/Jul/2020:08:08:02 -0400] "GET /login HTTP/1.1" 200 6378
127.0.0.1 - - [15/Jul/2020:08:08:09 -0400] "POST /login HTTP/1.1" 302 -
127.0.0.1 - - [15/Jul/2020:08:08:09 -0400] "GET / HTTP/1.1" 302 -
127.0.0.1 - - [15/Jul/2020:08:08:10 -0400] "GET /Shipping/Europe HTTP/1.1" 200 45536
127.0.0.1 - - [15/Jul/2020:08:08:10 -0400] "GET /login HTTP/1.1" 200 6378
127.0.0.1 - - [15/Jul/2020:08:08:29 -0400] "GET /Shipping/SingleObject/10281 HTTP/1.1" 200 7636
127.0.0.1 - - [15/Jul/2020:08:08:33 -0400] "GET /Shipping/addneworder HTTP/1.1" 200 18234
